<?xml version="1.0" encoding="UTF-8"?>
<testng-results ignored="0" total="1" passed="1" failed="0" skipped="0">
  <reporter-output>
  </reporter-output>
  <suite started-at="2020-09-12T13:50:30Z" name="Default suite" finished-at="2020-09-12T13:50:30Z" duration-ms="27">
    <groups>
    </groups>
    <test started-at="2020-09-12T13:50:30Z" name="Default test" finished-at="2020-09-12T13:50:30Z" duration-ms="27">
      <class name="CoolTesters.Selenium.AppTest">
        <test-method signature="shouldAnswerWithTrue()[pri:0, instance:CoolTesters.Selenium.AppTest@6253c26]" started-at="2020-09-12T08:50:30Z" name="shouldAnswerWithTrue" finished-at="2020-09-12T08:50:30Z" duration-ms="10" status="PASS">
          <reporter-output>
          </reporter-output>
        </test-method> <!-- shouldAnswerWithTrue -->
      </class> <!-- CoolTesters.Selenium.AppTest -->
    </test> <!-- Default test -->
  </suite> <!-- Default suite -->
</testng-results>
